<?xml version="1.0" encoding="UTF-8" ?>
<testsuite tests="15" failures="0" name="com.cucumber.automation.bdt.cucumberOptions.RunCukeTest" time="0.042" errors="0" skipped="0">
  <properties>
[...]
</properties>
  <testcase classname="Scenario: Go to Login Page" name="Given test environment is ready" time="0.011"/>
  <testcase classname="Scenario: Go to Login Page" name="Given user is on TAB home page" time="0.001"/>
  <testcase classname="Scenario: Go to Login Page" name="When user clicks on Login button" time="0"/>
  <testcase classname="Scenario: Go to Login Page" name="Then user is displayed login screen" time="0"/>
  <testcase classname="Scenario: Go to Login Page" name="Scenario: Go to Login Page" time="0.012"/>
  <testcase classname="Scenario: Go to Login Page" name="Given test environment is ready" time="0"/>
  <testcase classname="Scenario: Go to Login Page" name="Given user is on TAB home page" time="0"/>
  <testcase classname="Scenario: Go to Login Page" name="When user clicks on Login button" time="0"/>
  <testcase classname="Scenario: Go to Login Page" name="Then user is displayed login screen" time="0"/>
  <testcase classname="Scenario: Go to Login Page" name="Scenario: Go to Login Page" time="0.009"/>
  <testcase classname="Scenario: Go to Login Page" name="Given test environment is ready" time="0"/>
  <testcase classname="Scenario: Go to Login Page" name="Given user is on TAB home page" time="0"/>
  <testcase classname="Scenario: Go to Login Page" name="When user clicks on Login button" time="0"/>
  <testcase classname="Scenario: Go to Login Page" name="Then user is displayed login screen" time="0"/>
  <testcase classname="Scenario: Go to Login Page" name="Scenario: Go to Login Page" time="0.009"/>
</testsuite>