<?xml version="1.0" encoding="UTF-8"?>
<testng-results skipped="0" failed="0" total="0" passed="0">
  <reporter-output>
  </reporter-output>
  <suite name="com.cucumber.automation.bdt.cucumberOptions.RunCukeTest" duration-ms="10" started-at="2016-09-21T23:36:44Z" finished-at="2016-09-21T23:36:44Z">
    <groups>
    </groups>
    <test name="Command line test" duration-ms="10" started-at="2016-09-21T23:36:44Z" finished-at="2016-09-21T23:36:44Z">
    </test> <!-- Command line test -->
  </suite> <!-- com.cucumber.automation.bdt.cucumberOptions.RunCukeTest -->
</testng-results>
